Виртуальная модель Мира
Версия: 1347M, код сборки:201702322512
==========================================


ПАРАМЕТРЫ КОМАНДНОЙ СТРОКИ (2)
    [0] = "C:\Users\acyga\Documents\HLA-Example\ProgramsWin\ModelA\ModelA.exe"
    [1] = "Вариант26.tas"


ЗАГРУЗКА БАЗЫ ИСХОДНЫХ ДАННЫХ
  Загрузка характеристик функциональных систем... 
    каталог: "../../Data/Systems/"
    Загружено файлов: 5

  Загрузка характеристик моделируемых объектов... 
    каталог: "../../Data/Units/"
    Загружено файлов: 5

  Загрузка задачи моделирования...
    файл задачи: "../../Data/Tasks/Вариант26.tas"
    Загрузка сценария "Пример Красные_ZPS.scn" за "Красных"...
    Загрузка сценария "Пример Синие.scn" за "Синих"...

НАЧАЛО ЗАПИСИ ФИЛЬМА
  Фильм пишется в файл "../../Data/Films/Вариант26.001.3df"


НАЧАЛО МОДЕЛИРОВАНИЯ
     0.00  появился объект 0001 типа БпЛА_ЗПС
     0.00  появился объект 0002 типа БпЛА
  8004.00  исчез объект 0002 типа БпЛА
  16399.9  исчез объект 0001 типа БпЛА_ЗПС
МОДЕЛИРОВАНИЕ ЗАВЕРШЕНО


