Виртуальная модель Мира
Версия: 1347M, код сборки:201702322512
==========================================


ПАРАМЕТРЫ КОМАНДНОЙ СТРОКИ (2)
    [0] = "C:\Users\acyga\Documents\HLA-Example\ProgramsWin\ModelA\ModelA.exe"
    [1] = "Пример.tas"


ЗАГРУЗКА БАЗЫ ИСХОДНЫХ ДАННЫХ
  Загрузка характеристик функциональных систем... 
    каталог: "../../Data/Systems/"
    Загружено файлов: 4

  Загрузка характеристик моделируемых объектов... 
    каталог: "../../Data/Units/"
    Загружено файлов: 4

  Загрузка задачи моделирования...
    файл задачи: "../../Data/Tasks/Пример.tas"
    Загрузка сценария "Пример Красные.scn" за "Красных"...
    Загрузка сценария "Пример Синие.scn" за "Синих"...

НАЧАЛО ЗАПИСИ ФИЛЬМА
  Фильм пишется в файл "../../Data/Films/Пример.001.3df"


НАЧАЛО МОДЕЛИРОВАНИЯ
     0.00  появился объект 0001 типа БпЛА
     0.00  появился объект 0002 типа Танк
   100.00  появился объект 0003 типа Камаз
   200.00  появился объект 0004 типа Танк
  7249.00  система пуска получила внешнее воздействие
  7249.00  появился объект 0005 типа Ракета
  7253.91  уничтожен объект 0002 типа Танк
  7253.91  исчез объект 0005 типа Ракета
  7253.91  система пуска Ракета объекта # 1 ракета #5 Поражение цели #2
  7751.00  исчез объект 0003 типа Камаз
  7849.00  исчез объект 0004 типа Танк
  15089.0  исчез объект 0001 типа БпЛА
МОДЕЛИРОВАНИЕ ЗАВЕРШЕНО


